<?xml version="1.0" encoding="UTF-8"?>
<!-- Generated by org.testng.reporters.JUnitReportReporter -->
<testsuite hostname="DESKTOP-KPRJ0D9" failures="0" tests="1" name="com.ddf.test.LoginTest.loginTest_v4" time="57.153" errors="0" timestamp="2021-10-09T17:00:20 IST" skipped="0">
  <testcase classname="com.ddf.test.LoginTest.loginTest_v4" name="testOne" time="57.153"/>
  <system-out/>
</testsuite> <!-- com.ddf.test.LoginTest.loginTest_v4 -->
