<?xml version="1.0" encoding="UTF-8"?>
<!-- Generated by org.testng.reporters.JUnitReportReporter -->
<testsuite hostname="DESKTOP-KPRJ0D9" failures="0" tests="1" name="com.ddf.test.LoginTest.loginTest_v3" time="41.808" errors="0" timestamp="2021-10-09T15:54:54 IST" skipped="0">
  <testcase classname="com.ddf.test.LoginTest.loginTest_v3" name="testOne" time="41.808"/>
  <system-out/>
</testsuite> <!-- com.ddf.test.LoginTest.loginTest_v3 -->
