<?xml version="1.0" encoding="UTF-8"?>
<!-- Generated by org.testng.reporters.JUnitReportReporter -->
<testsuite hostname="DESKTOP-KPRJ0D9" failures="0" tests="3" name="com.ddf.test.LoginTest.loginTest_v1" time="94.125" errors="0" timestamp="2021-10-09T11:58:58 IST" skipped="0">
  <testcase classname="com.ddf.test.LoginTest.loginTest_v1" name="testTwo" time="35.816"/>
  <system-out/>
  <testcase classname="com.ddf.test.LoginTest.loginTest_v1" name="testOne" time="35.554"/>
  <system-out/>
  <testcase classname="com.ddf.test.LoginTest.loginTest_v1" name="testThree" time="22.755"/>
  <system-out/>
</testsuite> <!-- com.ddf.test.LoginTest.loginTest_v1 -->
