<?xml version="1.0" encoding="UTF-8"?>
<!-- Generated by org.testng.reporters.JUnitReportReporter -->
<testsuite hostname="DESKTOP-KPRJ0D9" failures="0" tests="1" name="com.ddf.test.LoginTest.loginTest_v6" time="45.309" errors="0" timestamp="2021-10-11T16:04:10 IST" skipped="0">
  <testcase classname="com.ddf.test.LoginTest.loginTest_v6" name="testOne" time="45.309"/>
  <system-out/>
</testsuite> <!-- com.ddf.test.LoginTest.loginTest_v6 -->
