<?xml version="1.0" encoding="UTF-8"?>
<!-- Generated by org.testng.reporters.JUnitReportReporter -->
<testsuite hostname="DESKTOP-KPRJ0D9" failures="0" tests="1" name="com.ddf.test.LoginTest.LoginTestcase2" time="29.877" errors="0" timestamp="2021-10-12T17:46:33 IST" skipped="0">
  <testcase classname="com.ddf.test.LoginTest.LoginTestcase2" name="Login" time="29.877"/>
  <system-out/>
</testsuite> <!-- com.ddf.test.LoginTest.LoginTestcase2 -->
