<?xml version="1.0" encoding="UTF-8"?>
<!-- Generated by org.testng.reporters.JUnitReportReporter -->
<testsuite hostname="DESKTOP-KPRJ0D9" failures="0" tests="1" name="pageobjload.LoginTestcase21" time="45.632" errors="0" timestamp="2021-10-13T12:31:29 IST" skipped="0">
  <testcase classname="pageobjload.LoginTestcase21" name="Login" time="45.632"/>
  <system-out/>
</testsuite> <!-- pageobjload.LoginTestcase21 -->
