<?xml version="1.0" encoding="UTF-8"?>
<!-- Generated by org.testng.reporters.JUnitReportReporter -->
<testsuite hostname="DESKTOP-KPRJ0D9" failures="0" tests="3" name="com.ddf.test.LoginTest.loginTest_v5" time="717.426" errors="0" timestamp="2021-10-11T12:53:53 IST" skipped="0">
  <testcase classname="com.ddf.test.LoginTest.loginTest_v5" name="testOne" time="218.405"/>
  <system-out/>
  <testcase classname="com.ddf.test.LoginTest.loginTest_v5" name="testOne" time="259.752"/>
  <system-out/>
  <testcase classname="com.ddf.test.LoginTest.loginTest_v5" name="testOne" time="239.269"/>
  <system-out/>
</testsuite> <!-- com.ddf.test.LoginTest.loginTest_v5 -->
